<?xml version="1.0" encoding="UTF-8"?>
<robot generator="Robot 3.2.2 (Python 3.9.1 on win32)" generated="20210109 17:47:22.487" rpa="false">
<suite id="s1" name="Tests" source="C:\Users\thali\OneDrive\Área de Trabalho\TeasyStructure\tests">
<suite id="s1-s1" name="Flowtests.Tests" source="C:\Users\thali\OneDrive\Área de Trabalho\TeasyStructure\tests\flowtests.tests.robot">
<test id="s1-s1-t1" name="Calculo Soma Cinco Macro">
<kw name="Start Test" library="hooks.pages.commons" type="setup">
<kw name="Open Browser" library="SeleniumLibrary">
<doc>Opens a new browser instance to the optional ``url``.</doc>
<arguments>
<arg>${URL_HOST} ${BROWSER}</arg>
</arguments>
<msg timestamp="20210109 17:47:24.045" level="INFO">Opening browser 'firefox' to base url 'localhost:3000 chrome'.</msg>
<msg timestamp="20210109 17:47:24.077" level="INFO">Firefox driver log is always forced to to: C:\Users\thali\OneDrive\Área de Trabalho\TeasyStructure\logs\geckodriver-1.log</msg>
<kw name="Capture Page Screenshot" library="SeleniumLibrary">
<doc>Takes a screenshot of the current page and embeds it into a log file.</doc>
<msg timestamp="20210109 17:47:24.088" level="INFO">Cannot capture screenshot because no browser is open.</msg>
<status status="PASS" starttime="20210109 17:47:24.088" endtime="20210109 17:47:24.088"></status>
</kw>
<msg timestamp="20210109 17:47:24.144" level="FAIL">WebDriverException: Message: 'geckodriver' executable needs to be in PATH. 
</msg>
<status status="FAIL" starttime="20210109 17:47:24.045" endtime="20210109 17:47:24.144"></status>
</kw>
<status status="FAIL" starttime="20210109 17:47:24.044" endtime="20210109 17:47:24.144"></status>
</kw>
<kw name="Finish Test" library="hooks.pages.commons" type="teardown">
<kw name="Capture Page Screenshot" library="SeleniumLibrary">
<doc>Takes a screenshot of the current page and embeds it into a log file.</doc>
<msg timestamp="20210109 17:47:24.145" level="INFO">Cannot capture screenshot because no browser is open.</msg>
<status status="PASS" starttime="20210109 17:47:24.145" endtime="20210109 17:47:24.145"></status>
</kw>
<kw name="Close Browser" library="SeleniumLibrary">
<doc>Closes the current browser.</doc>
<status status="PASS" starttime="20210109 17:47:24.146" endtime="20210109 17:47:24.146"></status>
</kw>
<status status="PASS" starttime="20210109 17:47:24.145" endtime="20210109 17:47:24.146"></status>
</kw>
<status status="FAIL" starttime="20210109 17:47:24.044" endtime="20210109 17:47:24.146" critical="yes">Setup failed:
WebDriverException: Message: 'geckodriver' executable needs to be in PATH. 
</status>
</test>
<test id="s1-s1-t2" name="Calculo Soma Cinco Separador">
<status status="FAIL" starttime="20210109 17:47:24.148" endtime="20210109 17:47:24.148" critical="yes">Test case contains no keywords.</status>
</test>
<test id="s1-s1-t3" name=" Clicar no botao dois">
<status status="FAIL" starttime="20210109 17:47:24.150" endtime="20210109 17:47:24.150" critical="yes">Test case contains no keywords.</status>
</test>
<test id="s1-s1-t4" name=" Clicar no botao tres">
<status status="FAIL" starttime="20210109 17:47:24.152" endtime="20210109 17:47:24.154" critical="yes">Test case contains no keywords.</status>
</test>
<test id="s1-s1-t5" name=" Clicar no botao mais">
<status status="FAIL" starttime="20210109 17:47:24.168" endtime="20210109 17:47:24.210" critical="yes">Test case contains no keywords.</status>
</test>
<test id="s1-s1-t6" name=" Clicar no botao igual">
<status status="FAIL" starttime="20210109 17:47:24.213" endtime="20210109 17:47:24.215" critical="yes">Test case contains no keywords.</status>
</test>
<test id="s1-s1-t7" name=" Verificar Soma 5">
<status status="FAIL" starttime="20210109 17:47:24.218" endtime="20210109 17:47:24.219" critical="yes">Test case contains no keywords.</status>
</test>
<status status="FAIL" starttime="20210109 17:47:22.526" endtime="20210109 17:47:24.239"></status>
</suite>
<status status="FAIL" starttime="20210109 17:47:22.487" endtime="20210109 17:47:24.243"></status>
</suite>
<statistics>
<total>
<stat pass="0" fail="7">Critical Tests</stat>
<stat pass="0" fail="7">All Tests</stat>
</total>
<tag>
</tag>
<suite>
<stat pass="0" fail="7" id="s1" name="Tests">Tests</stat>
<stat pass="0" fail="7" id="s1-s1" name="Flowtests.Tests">Tests.Flowtests.Tests</stat>
</suite>
</statistics>
<errors>
</errors>
</robot>
